{
  "RSpec": {
    "coverage": {
      "/Users/student/Makers/Week_4/Day1/bookmark-manager/app.rb": [
        1,
        1,
        null,
        1,
        null,
        1,
        1,
        null,
        null,
        1,
        1,
        null,
        null,
        1,
        1,
        1,
        null,
        null,
        1,
        null,
        null
      ],
      "/Users/student/Makers/Week_4/Day1/bookmark-manager/lib/bookmark_storer.rb": [
        1,
        null,
        1,
        2,
        null,
        null,
        1,
        2,
        null,
        null,
        null
      ],
      "/Users/student/Makers/Week_4/Day1/bookmark-manager/spec/bookmark_storer_spec.rb": [
        1,
        null,
        1,
        1,
        1,
        1,
        null,
        null,
        null
      ],
      "/Users/student/Makers/Week_4/Day1/bookmark-manager/spec/features/homepage_spec.rb": [
        1
      ],
      "/Users/student/Makers/Week_4/Day1/bookmark-manager/spec/features/view_bookmarks_spec.rb": [
        1,
        1,
        1,
        1,
        1,
        null,
        null
      ]
    },
    "timestamp": 1551113288
  }
}
