{
  "RSpec": {
    "coverage": {
      "/Users/matt/projects/bookmark-manager/app.rb": [
        1,
        1,
        null,
        1,
        null,
        1,
        2,
        null,
        null,
        1,
        1,
        null,
        null,
        1,
        2,
        2,
        null,
        null,
        1,
        1,
        null,
        null,
        1,
        1,
        1,
        null,
        null,
        1,
        null,
        null
      ],
      "/Users/matt/projects/bookmark-manager/lib/bookmark_storer.rb": [
        1,
        null,
        1,
        null,
        1,
        3,
        null,
        3,
        3,
        3,
        8,
        null,
        null,
        3,
        null,
        null,
        1,
        3,
        3,
        null,
        null,
        null
      ],
      "/Users/matt/projects/bookmark-manager/spec/bookmark_storer_spec.rb": [
        1,
        null,
        1,
        1,
        1,
        1,
        null,
        null
      ],
      "/Users/matt/projects/bookmark-manager/spec/features/add_bookmarks_spec.rb": [
        1,
        1,
        1,
        1,
        1,
        1,
        1,
        1,
        null,
        null
      ],
      "/Users/matt/projects/bookmark-manager/spec/features/homepage_spec.rb": [
        1
      ],
      "/Users/matt/projects/bookmark-manager/spec/features/view_bookmarks_spec.rb": [
        1,
        1,
        1,
        1,
        1,
        null,
        null
      ]
    },
    "timestamp": 1551198343
  }
}
